This is e-pTeX, Version 3.14159265-p3.8.1-180226-2.6 (utf8.euc) (TeX Live 2018) (preloaded format=platex 2019.2.22)  23 JUL 2019 15:52
entering extended mode
 \write18 enabled.
 file:line:error style messages enabled.
 %&-line parsing enabled.
**p1_fin_09501527.tex
(./p1_fin_09501527.tex
pLaTeX2e <2018-12-01> (based on LaTeX2e <2018-12-01>)
(/opt/edu/texlive/2018/texmf-dist/tex/platex/base/jarticle.cls
Document Class: jarticle 2018/10/25 v1.8a Standard pLaTeX class
\c@@paper=\count83
(/opt/edu/texlive/2018/texmf-dist/tex/platex/base/jsize12.clo
File: jsize12.clo 2018/10/25 v1.8a Standard pLaTeX file (size option)
)
\c@part=\count84
\c@section=\count85
\c@subsection=\count86
\c@subsubsection=\count87
\c@paragraph=\count88
\c@subparagraph=\count89
\c@figure=\count90
\c@table=\count91
\abovecaptionskip=\skip41
\belowcaptionskip=\skip42
\symmincho=\mathgroup4
LaTeX Font Info:    Overwriting symbol font `mincho' in version `bold'
(Font)                  JY1/mc/m/n --> JY1/gt/m/n on input line 614.
\toclineskip=\dimen118
\@lnumwidth=\dimen119
\bibindent=\dimen120
\heisei=\count92
)
(/opt/edu/texlive/2018/texmf-dist/tex/latex/graphics/graphicx.sty
Package: graphicx 2017/06/01 v1.1a Enhanced LaTeX Graphics (DPC,SPQR)

(/opt/edu/texlive/2018/texmf-dist/tex/latex/graphics/keyval.sty
Package: keyval 2014/10/28 v1.15 key=value parser (DPC)
\KV@toks@=\toks15
)
(/opt/edu/texlive/2018/texmf-dist/tex/latex/graphics/graphics.sty
Package: graphics 2017/06/25 v1.2c Standard LaTeX Graphics (DPC,SPQR)

(/opt/edu/texlive/2018/texmf-dist/tex/latex/graphics/trig.sty
Package: trig 2016/01/03 v1.10 sin cos tan (DPC)
)
(/opt/edu/texlive/2018/texmf-dist/tex/latex/graphics-cfg/graphics.cfg
File: graphics.cfg 2016/06/04 v1.11 sample graphics configuration
)
Package graphics Info: Driver file: dvips.def on input line 99.

(/opt/edu/texlive/2018/texmf-dist/tex/latex/graphics-def/dvips.def
File: dvips.def 2017/06/20 v3.1d Graphics/color driver for dvips
))
\Gin@req@height=\dimen121
\Gin@req@width=\dimen122
)
(./p1_fin_09501527.aux)
\openout1 = `p1_fin_09501527.aux'.

LaTeX Font Info:    Checking defaults for OML/cmm/m/it on input line 11.
LaTeX Font Info:    ... okay on input line 11.
LaTeX Font Info:    Checking defaults for T1/cmr/m/n on input line 11.
LaTeX Font Info:    ... okay on input line 11.
LaTeX Font Info:    Checking defaults for OT1/cmr/m/n on input line 11.
LaTeX Font Info:    ... okay on input line 11.
LaTeX Font Info:    Checking defaults for OMS/cmsy/m/n on input line 11.
LaTeX Font Info:    ... okay on input line 11.
LaTeX Font Info:    Checking defaults for OMX/cmex/m/n on input line 11.
LaTeX Font Info:    ... okay on input line 11.
LaTeX Font Info:    Checking defaults for U/cmr/m/n on input line 11.
LaTeX Font Info:    ... okay on input line 11.
LaTeX Font Info:    Checking defaults for JY1/mc/m/n on input line 11.
LaTeX Font Info:    ... okay on input line 11.
LaTeX Font Info:    Checking defaults for JT1/mc/m/n on input line 11.
LaTeX Font Info:    ... okay on input line 11.
LaTeX Font Info:    External font `cmex10' loaded for size
(Font)              <14.4> on input line 19.
LaTeX Font Info:    External font `cmex10' loaded for size
(Font)              <7> on input line 19.
LaTeX Font Info:    Font shape `JT1/mc/bx/n' in size <17.28> not available
(Font)              Font shape `JT1/gt/m/n' tried instead on input line 21.
LaTeX Font Info:    Font shape `JY1/mc/bx/n' in size <17.28> not available
(Font)              Font shape `JY1/gt/m/n' tried instead on input line 21.
LaTeX Font Info:    External font `cmex10' loaded for size
(Font)              <12> on input line 22.
LaTeX Font Info:    External font `cmex10' loaded for size
(Font)              <8> on input line 22.
LaTeX Font Info:    External font `cmex10' loaded for size
(Font)              <6> on input line 22.
 [1

]
LaTeX Font Info:    Try loading font information for OMS+cmr on input line 29.

(/opt/edu/texlive/2018/texmf-dist/tex/latex/base/omscmr.fd
File: omscmr.fd 2014/09/29 v2.5h Standard LaTeX font definitions
)
LaTeX Font Info:    Font shape `OMS/cmr/m/n' in size <12> not available
(Font)              Font shape `OMS/cmsy/m/n' tried instead on input line 29.
 [2]
LaTeX Font Info:    Font shape `JT1/mc/bx/n' in size <14.4> not available
(Font)              Font shape `JT1/gt/m/n' tried instead on input line 55.
LaTeX Font Info:    Font shape `JY1/mc/bx/n' in size <14.4> not available
(Font)              Font shape `JY1/gt/m/n' tried instead on input line 55.
 [3] [4]
[5]
File: graph1a.eps Graphic file (type eps)
 <graph1a.eps>
Overfull \hbox (3.42148pt too wide) in paragraph at lines 196--197
 [] 
 []

File: graph2.eps Graphic file (type eps)
<graph2.eps>
Overfull \hbox (3.42148pt too wide) in paragraph at lines 199--200
 [][] 
 []

File: graph3.eps Graphic file (type eps)
<graph3.eps>
Overfull \hbox (3.42148pt too wide) in paragraph at lines 205--206
 [] 
 []

File: graph4.eps Graphic file (type eps)
<graph4.eps>
Overfull \hbox (3.42148pt too wide) in paragraph at lines 208--209
 [][] 
 []

[6] [7] [8]
Overfull \hbox (3.40198pt too wide) in paragraph at lines 273--273
[]    \OT1/cmtt/m/n/12 42     while(fabs(f(xk)) > delta){ /* \JY1/mc/m/n/12 収
束条件 ： \OT1/cmtt/m/n/12 f(x) \JY1/mc/m/n/12 が \OT1/cmtt/m/n/12 delta \JY1/m
c/m/n/12 以下になる \OT1/cmtt/m/n/12 */[] 
 []

[9]
Overfull \hbox (3.40198pt too wide) in paragraph at lines 326--326
[]    \OT1/cmtt/m/n/12 41     while(fabs(f(xk)) > delta){ /* \JY1/mc/m/n/12 収
束条件 ： \OT1/cmtt/m/n/12 f(x) \JY1/mc/m/n/12 が \OT1/cmtt/m/n/12 delta \JY1/m
c/m/n/12 以下になる \OT1/cmtt/m/n/12 */[] 
 []

[10] (./p1_fin_09501527.aux) ) 
Here is how much of TeX's memory you used:
 706 strings out of 494703
 8656 string characters out of 6180181
 75538 words of memory out of 5000000
 4607 multiletter control sequences out of 15000+600000
 15593 words of font info for 61 fonts, out of 8000000 for 9000
 14 hyphenation exceptions out of 8191
 25i,10n,20p,442b,356s stack positions out of 5000i,500n,10000p,200000b,80000s

Output written on p1_fin_09501527.dvi (10 pages, 25156 bytes).
